  Main.cpp
C:\Users\pakos\Desktop\Project1\Project1\Main.cpp(255,24): warning C4018: "<": niezgodność typu ze znakiem/bez znaku
C:\Users\pakos\Desktop\Project1\Project1\Main.cpp(290,24): warning C4018: "<": niezgodność typu ze znakiem/bez znaku
C:\Users\pakos\Desktop\Project1\Project1\Main.cpp(527,24): warning C4018: "<": niezgodność typu ze znakiem/bez znaku
C:\Users\pakos\Desktop\Project1\Project1\Main.cpp(884,27): warning C4018: "<": niezgodność typu ze znakiem/bez znaku
C:\Users\pakos\Desktop\Project1\Project1\Main.cpp(901,29): warning C4267: "=": konwersja z "size_t" do "sf::Uint16", możliwa utrata danych
C:\Users\pakos\Desktop\Project1\Project1\Main.cpp(921,30): warning C4267: "=": konwersja z "size_t" do "sf::Uint16", możliwa utrata danych
C:\Users\pakos\Desktop\Project1\Project1\Main.cpp(938,29): warning C4267: "=": konwersja z "size_t" do "sf::Uint16", możliwa utrata danych
C:\Users\pakos\Desktop\Project1\Project1\Main.cpp(1180,46): warning C4244: "argument": konwersja z "T" do "_Ty", możliwa utrata danych
          with
          [
              T=float
          ]
          and
          [
              _Ty=int
          ]
C:\Users\pakos\Desktop\Project1\Project1\Main.cpp(1179,95): warning C4244: "argument": konwersja z "T" do "_Ty", możliwa utrata danych
          with
          [
              T=float
          ]
          and
          [
              _Ty=int
          ]
C:\Users\pakos\Desktop\Project1\Project1\Main.cpp(1182,46): warning C4244: "argument": konwersja z "T" do "_Ty", możliwa utrata danych
          with
          [
              T=float
          ]
          and
          [
              _Ty=int
          ]
C:\Users\pakos\Desktop\Project1\Project1\Main.cpp(1181,95): warning C4244: "argument": konwersja z "T" do "_Ty", możliwa utrata danych
          with
          [
              T=float
          ]
          and
          [
              _Ty=int
          ]
C:\Users\pakos\Desktop\Project1\Project1\Main.cpp(1185,78): warning C4244: "argument": konwersja z "int" do "T", możliwa utrata danych
          with
          [
              T=float
          ]
C:\Users\pakos\Desktop\Project1\Project1\Main.cpp(1185,76): warning C4244: "argument": konwersja z "int" do "T", możliwa utrata danych
          with
          [
              T=float
          ]
C:\Users\pakos\Desktop\Project1\Project1\Main.cpp(1216,26): warning C4018: "<": niezgodność typu ze znakiem/bez znaku
C:\Users\pakos\Desktop\Project1\Project1\Main.cpp(1227,29): warning C4267: "=": konwersja z "size_t" do "sf::Uint16", możliwa utrata danych
C:\Users\pakos\Desktop\Project1\Project1\Main.cpp(1244,24): warning C4018: "<": niezgodność typu ze znakiem/bez znaku
  Project1.vcxproj -> C:\Users\pakos\Desktop\Project1\Debug\Project1.exe
