c:\users\pakos\desktop\project1\project1\debug\vc142.pdb
c:\users\pakos\desktop\project1\project1\debug\vc142.idb
c:\users\pakos\desktop\project1\project1\debug\player.obj
c:\users\pakos\desktop\project1\project1\debug\multiplayermenu.obj
c:\users\pakos\desktop\project1\project1\debug\multiplayerjoinmenu.obj
c:\users\pakos\desktop\project1\project1\debug\multiplayerhostmenu.obj
c:\users\pakos\desktop\project1\project1\debug\menu.obj
c:\users\pakos\desktop\project1\project1\debug\mainmenu.obj
c:\users\pakos\desktop\project1\project1\debug\main.obj
c:\users\pakos\desktop\project1\project1\debug\gift.obj
c:\users\pakos\desktop\project1\project1\debug\gameover.obj
c:\users\pakos\desktop\project1\project1\debug\explosion.obj
c:\users\pakos\desktop\project1\project1\debug\enemy.obj
c:\users\pakos\desktop\project1\project1\debug\bullet.obj
c:\users\pakos\desktop\project1\project1\debug\boss.obj
c:\users\pakos\desktop\project1\debug\project1.exe
c:\users\pakos\desktop\project1\debug\project1.ilk
c:\users\pakos\desktop\project1\debug\project1.pdb
c:\users\pakos\desktop\project1\project1\debug\vcpkg.applocal.log
c:\users\pakos\desktop\project1\project1\debug\vc141.idb
c:\users\pakos\desktop\project1\project1\debug\vc141.pdb
c:\users\pakos\desktop\project1\project1\debug\project1.tlog\cl.command.1.tlog
c:\users\pakos\desktop\project1\project1\debug\project1.tlog\cl.read.1.tlog
c:\users\pakos\desktop\project1\project1\debug\project1.tlog\cl.write.1.tlog
c:\users\pakos\desktop\project1\project1\debug\project1.tlog\link.command.1.tlog
c:\users\pakos\desktop\project1\project1\debug\project1.tlog\link.read.1.tlog
c:\users\pakos\desktop\project1\project1\debug\project1.tlog\link.write.1.tlog
c:\users\pakos\desktop\project1\project1\debug\project1.tlog\project1.write.1u.tlog
